<?xml version="1.0" encoding="UTF-8"?>
<testng-results ignored="0" total="1" passed="1" failed="0" skipped="0">
  <reporter-output>
  </reporter-output>
  <suite started-at="2025-04-02T15:05:57 IST" name="Default suite" finished-at="2025-04-02T15:06:09 IST" duration-ms="11971">
    <groups>
    </groups>
    <test started-at="2025-04-02T15:05:57 IST" name="Default test" finished-at="2025-04-02T15:06:09 IST" duration-ms="11971">
      <class name="tests.RegisterTest">
        <test-method is-config="true" signature="setUp()[pri:0, instance:tests.RegisterTest@34f6515b]" started-at="2025-04-02T15:05:57 IST" name="setUp" finished-at="2025-04-02T15:06:00 IST" duration-ms="3114" status="PASS">
          <reporter-output>
          </reporter-output>
        </test-method> <!-- setUp -->
        <test-method signature="testLogin()[pri:0, instance:tests.RegisterTest@34f6515b]" started-at="2025-04-02T15:06:00 IST" name="testLogin" finished-at="2025-04-02T15:06:08 IST" duration-ms="8468" status="PASS">
          <reporter-output>
          </reporter-output>
        </test-method> <!-- testLogin -->
        <test-method is-config="true" signature="tearDown()[pri:0, instance:tests.RegisterTest@34f6515b]" started-at="2025-04-02T15:06:08 IST" name="tearDown" finished-at="2025-04-02T15:06:09 IST" duration-ms="343" status="PASS">
          <reporter-output>
          </reporter-output>
        </test-method> <!-- tearDown -->
      </class> <!-- tests.RegisterTest -->
    </test> <!-- Default test -->
  </suite> <!-- Default suite -->
</testng-results>
